-------------------------------------------
Batch: 0
-------------------------------------------
+--------+-----+
|customer|score|
+--------+-----+
+--------+-----+

-------------------------------------------
Batch: 1
-------------------------------------------
+-------------------+-----+
|           customer|score|
+-------------------+-----+
|Lyn.Harris@test.com| 11.0|
+-------------------+-----+

-------------------------------------------
Batch: 2
-------------------------------------------
+--------------------+-----+
|            customer|score|
+--------------------+-----+
|Craig.Gonzalez@te...| 15.0|
|Jane.Gonzalez@tes...|  1.0|
|Christina.Fibonna...|  6.5|
|Larry.Anderson@te...| -1.0|
+--------------------+-----+

-------------------------------------------
Batch: 3
-------------------------------------------
+--------------------+-----+
|            customer|score|
+--------------------+-----+
|Edward.Jones@test...| -1.0|
+--------------------+-----+

-------------------------------------------
Batch: 4
-------------------------------------------
+--------------------+-----+
|            customer|score|
+--------------------+-----+
|Suresh.Smith@test...| -4.0|
+--------------------+-----+

-------------------------------------------
Batch: 5
-------------------------------------------
+--------------------+-----+
|            customer|score|
+--------------------+-----+
|Craig.Khatib@test...| -1.0|
+--------------------+-----+

-------------------------------------------
Batch: 6
-------------------------------------------
+--------------------+-----+
|            customer|score|
+--------------------+-----+
|Ben.Spencer@test.com| -2.5|
+--------------------+-----+

-------------------------------------------
Batch: 7
-------------------------------------------
+--------------------+-----+
|            customer|score|
+--------------------+-----+
|Craig.Clayton@tes...| 16.5|
+--------------------+-----+

-------------------------------------------
Batch: 8
-------------------------------------------
+-----------------+-----+
|         customer|score|
+-----------------+-----+
|Ben.Huey@test.com|  4.0|
+-----------------+-----+

-------------------------------------------
Batch: 9
-------------------------------------------
+--------------------+-----+
|            customer|score|
+--------------------+-----+
|Jane.Anderson@tes...|-12.0|
+--------------------+-----+

-------------------------------------------
Batch: 10
-------------------------------------------
+--------------------+-----+
|            customer|score|
+--------------------+-----+
|Danny.Clark@test.com| -4.5|
+--------------------+-----+

-------------------------------------------
Batch: 11
-------------------------------------------
+--------------------+-----+
|            customer|score|
+--------------------+-----+
|Travis.Jackson@te...| -5.5|
+--------------------+-----+

-------------------------------------------
Batch: 12
-------------------------------------------
+--------------------+-----+
|            customer|score|
+--------------------+-----+
|Travis.Davis@test...| 30.5|
+--------------------+-----+

-------------------------------------------
Batch: 13
-------------------------------------------
+--------------------+-----+
|            customer|score|
+--------------------+-----+
|David.Khatib@test...|  5.5|
+--------------------+-----+

-------------------------------------------
Batch: 14
-------------------------------------------
+------------------+-----+
|          customer|score|
+------------------+-----+
|Dan.Davis@test.com|  4.0|
+------------------+-----+

-------------------------------------------
Batch: 15
-------------------------------------------
+--------------------+-----+
|            customer|score|
+--------------------+-----+
|Christina.Lincoln...| 16.5|
+--------------------+-----+

-------------------------------------------
Batch: 16
-------------------------------------------
+--------------------+-----+
|            customer|score|
+--------------------+-----+
|Larry.Davis@test.com| 15.5|
+--------------------+-----+

-------------------------------------------
Batch: 17
-------------------------------------------
+-------------------+-----+
|           customer|score|
+-------------------+-----+
|Lyn.Harris@test.com|-12.5|
+-------------------+-----+

-------------------------------------------
Batch: 18
-------------------------------------------
+--------------------+-----+
|            customer|score|
+--------------------+-----+
|Craig.Gonzalez@te...|  2.5|
+--------------------+-----+

-------------------------------------------
Batch: 19
-------------------------------------------
+--------------------+-----+
|            customer|score|
+--------------------+-----+
|Jane.Gonzalez@tes...| 20.0|
+--------------------+-----+

-------------------------------------------
Batch: 20
-------------------------------------------
+--------------------+-----+
|            customer|score|
+--------------------+-----+
|Christina.Fibonna...|  1.5|
+--------------------+-----+

-------------------------------------------
Batch: 21
-------------------------------------------
+--------------------+-----+
|            customer|score|
+--------------------+-----+
|Larry.Anderson@te...| -1.5|
+--------------------+-----+

-------------------------------------------
Batch: 22
-------------------------------------------
+--------------------+-----+
|            customer|score|
+--------------------+-----+
|Edward.Jones@test...| -2.5|
+--------------------+-----+

-------------------------------------------
Batch: 23
-------------------------------------------
+--------------------+-----+
|            customer|score|
+--------------------+-----+
|Suresh.Smith@test...| -3.5|
+--------------------+-----+

-------------------------------------------
Batch: 24
-------------------------------------------
+--------------------+-----+
|            customer|score|
+--------------------+-----+
|Craig.Khatib@test...| -1.5|
+--------------------+-----+

-------------------------------------------
Batch: 25
-------------------------------------------
+--------------------+-----+
|            customer|score|
+--------------------+-----+
|Ben.Spencer@test.com| -2.5|
+--------------------+-----+

-------------------------------------------
Batch: 26
-------------------------------------------
+--------------------+-----+
|            customer|score|
+--------------------+-----+
|Craig.Clayton@tes...|  6.0|
+--------------------+-----+

-------------------------------------------
Batch: 27
-------------------------------------------
+-----------------+-----+
|         customer|score|
+-----------------+-----+
|Ben.Huey@test.com| -0.5|
+-----------------+-----+

-------------------------------------------
Batch: 28
-------------------------------------------
+--------------------+-----+
|            customer|score|
+--------------------+-----+
|Jane.Anderson@tes...| -0.5|
+--------------------+-----+

-------------------------------------------
Batch: 29
-------------------------------------------
+--------------------+-----+
|            customer|score|
+--------------------+-----+
|Danny.Clark@test.com|  6.5|
+--------------------+-----+

-------------------------------------------
Batch: 30
-------------------------------------------
+--------------------+-----+
|            customer|score|
+--------------------+-----+
|Travis.Jackson@te...|-28.0|
+--------------------+-----+

-------------------------------------------
Batch: 31
-------------------------------------------
+--------------------+-----+
|            customer|score|
+--------------------+-----+
|Travis.Davis@test...|  5.5|
+--------------------+-----+

-------------------------------------------
Batch: 32
-------------------------------------------
+--------------------+-----+
|            customer|score|
+--------------------+-----+
|David.Khatib@test...|-23.0|
+--------------------+-----+

-------------------------------------------
Batch: 33
-------------------------------------------
+------------------+-----+
|          customer|score|
+------------------+-----+
|Dan.Davis@test.com|-40.0|
+------------------+-----+

-------------------------------------------
Batch: 34
-------------------------------------------
+--------------------+-----+
|            customer|score|
+--------------------+-----+
|Christina.Lincoln...|-12.5|
+--------------------+-----+

-------------------------------------------
Batch: 35
-------------------------------------------
+--------------------+-----+
|            customer|score|
+--------------------+-----+
|Larry.Davis@test.com|  7.5|
+--------------------+-----+

-------------------------------------------
Batch: 36
-------------------------------------------
+-------------------+-----+
|           customer|score|
+-------------------+-----+
|Lyn.Harris@test.com|-37.5|
+-------------------+-----+

-------------------------------------------
Batch: 37
-------------------------------------------
+--------------------+-----+
|            customer|score|
+--------------------+-----+
|Craig.Gonzalez@te...|-14.0|
+--------------------+-----+

-------------------------------------------
Batch: 38
-------------------------------------------
+--------------------+-----+
|            customer|score|
+--------------------+-----+
|Jane.Gonzalez@tes...|  8.5|
+--------------------+-----+

-------------------------------------------
Batch: 39
-------------------------------------------
+--------------------+-----+
|            customer|score|
+--------------------+-----+
|Christina.Fibonna...|  4.5|
+--------------------+-----+

-------------------------------------------
Batch: 40
-------------------------------------------
+--------------------+-----+
|            customer|score|
+--------------------+-----+
|Larry.Anderson@te...| -4.0|
+--------------------+-----+

-------------------------------------------
Batch: 41
-------------------------------------------
+--------------------+-----+
|            customer|score|
+--------------------+-----+
|Edward.Jones@test...| -4.5|
+--------------------+-----+

-------------------------------------------
Batch: 42
-------------------------------------------
+--------------------+-----+
|            customer|score|
+--------------------+-----+
|Suresh.Smith@test...| -2.0|
+--------------------+-----+

-------------------------------------------
Batch: 43
-------------------------------------------
+--------------------+-----+
|            customer|score|
+--------------------+-----+
|Craig.Khatib@test...| -4.5|
+--------------------+-----+

-------------------------------------------
Batch: 44
-------------------------------------------
+--------------------+-----+
|            customer|score|
+--------------------+-----+
|Ben.Spencer@test.com| -4.0|
+--------------------+-----+

-------------------------------------------
Batch: 45
-------------------------------------------
+--------------------+-----+
|            customer|score|
+--------------------+-----+
|Craig.Clayton@tes...| -0.5|
+--------------------+-----+

-------------------------------------------
Batch: 46
-------------------------------------------
+-----------------+-----+
|         customer|score|
+-----------------+-----+
|Ben.Huey@test.com| -4.5|
+-----------------+-----+

-------------------------------------------
Batch: 47
-------------------------------------------
+--------------------+-----+
|            customer|score|
+--------------------+-----+
|Jane.Anderson@tes...|  8.5|
+--------------------+-----+

-------------------------------------------
Batch: 48
-------------------------------------------
+--------------------+-----+
|            customer|score|
+--------------------+-----+
|Danny.Clark@test.com| 28.0|
+--------------------+-----+

-------------------------------------------
Batch: 49
-------------------------------------------
+--------------------+-----+
|            customer|score|
+--------------------+-----+
|Travis.Jackson@te...|-28.5|
+--------------------+-----+

-------------------------------------------
Batch: 50
-------------------------------------------
+--------------------+-----+
|            customer|score|
+--------------------+-----+
|Travis.Davis@test...|-16.5|
+--------------------+-----+

-------------------------------------------
Batch: 51
-------------------------------------------
+--------------------+-----+
|            customer|score|
+--------------------+-----+
|David.Khatib@test...|-19.5|
+--------------------+-----+

-------------------------------------------
Batch: 52
-------------------------------------------
+------------------+-----+
|          customer|score|
+------------------+-----+
|Dan.Davis@test.com|-23.0|
+------------------+-----+

-------------------------------------------
Batch: 53
-------------------------------------------
+--------------------+-----+
|            customer|score|
+--------------------+-----+
|Christina.Lincoln...|-35.0|
+--------------------+-----+

-------------------------------------------
Batch: 54
-------------------------------------------
+--------------------+-----+
|            customer|score|
+--------------------+-----+
|Larry.Davis@test.com| 34.5|
+--------------------+-----+

-------------------------------------------
Batch: 55
-------------------------------------------
+-------------------+-----+
|           customer|score|
+-------------------+-----+
|Lyn.Harris@test.com|-10.5|
+-------------------+-----+

-------------------------------------------
Batch: 56
-------------------------------------------
+--------------------+-----+
|            customer|score|
+--------------------+-----+
|Craig.Gonzalez@te...|-11.0|
+--------------------+-----+

-------------------------------------------
Batch: 57
-------------------------------------------
+--------------------+-----+
|            customer|score|
+--------------------+-----+
|Jane.Gonzalez@tes...|-24.0|
+--------------------+-----+

-------------------------------------------
Batch: 58
-------------------------------------------
+--------------------+-----+
|            customer|score|
+--------------------+-----+
|Christina.Fibonna...|  6.5|
+--------------------+-----+

-------------------------------------------
Batch: 59
-------------------------------------------
+--------------------+-----+
|            customer|score|
+--------------------+-----+
|Larry.Anderson@te...| -5.0|
+--------------------+-----+

-------------------------------------------
Batch: 60
-------------------------------------------
+--------------------+-----+
|            customer|score|
+--------------------+-----+
|Edward.Jones@test...| -4.0|
+--------------------+-----+

-------------------------------------------
Batch: 61
-------------------------------------------
+--------------------+-----+
|            customer|score|
+--------------------+-----+
|Suresh.Smith@test...| -2.0|
+--------------------+-----+

-------------------------------------------
Batch: 62
-------------------------------------------
+--------------------+-----+
|            customer|score|
+--------------------+-----+
|Craig.Khatib@test...| -5.0|
+--------------------+-----+

-------------------------------------------
Batch: 63
-------------------------------------------
+--------------------+-----+
|            customer|score|
+--------------------+-----+
|Ben.Spencer@test.com| -5.5|
+--------------------+-----+

-------------------------------------------
Batch: 64
-------------------------------------------
+--------------------+-----+
|            customer|score|
+--------------------+-----+
|Craig.Clayton@tes...| -9.5|
+--------------------+-----+

-------------------------------------------
Batch: 65
-------------------------------------------
+-----------------+-----+
|         customer|score|
+-----------------+-----+
|Ben.Huey@test.com|  6.5|
+-----------------+-----+

-------------------------------------------
Batch: 66
-------------------------------------------
+--------------------+-----+
|            customer|score|
+--------------------+-----+
|Jane.Anderson@tes...| 32.0|
+--------------------+-----+

-------------------------------------------
Batch: 67
-------------------------------------------
+--------------------+-----+
|            customer|score|
+--------------------+-----+
|Danny.Clark@test.com| 30.5|
+--------------------+-----+

-------------------------------------------
Batch: 68
-------------------------------------------
+--------------------+-----+
|            customer|score|
+--------------------+-----+
|Travis.Jackson@te...| 11.0|
+--------------------+-----+

-------------------------------------------
Batch: 69
-------------------------------------------
+--------------------+-----+
|            customer|score|
+--------------------+-----+
|Travis.Davis@test...|  1.5|
+--------------------+-----+

-------------------------------------------
Batch: 70
-------------------------------------------
+--------------------+-----+
|            customer|score|
+--------------------+-----+
|David.Khatib@test...| -5.5|
+--------------------+-----+

-------------------------------------------
Batch: 71
-------------------------------------------
+------------------+-----+
|          customer|score|
+------------------+-----+
|Dan.Davis@test.com| 17.5|
+------------------+-----+

-------------------------------------------
Batch: 72
-------------------------------------------
+--------------------+-----+
|            customer|score|
+--------------------+-----+
|Christina.Lincoln...|-11.0|
+--------------------+-----+

-------------------------------------------
Batch: 73
-------------------------------------------
+--------------------+-----+
|            customer|score|
+--------------------+-----+
|Larry.Davis@test.com| 14.5|
+--------------------+-----+

-------------------------------------------
Batch: 74
-------------------------------------------
+-------------------+-----+
|           customer|score|
+-------------------+-----+
|Lyn.Harris@test.com| 12.5|
+-------------------+-----+

-------------------------------------------
Batch: 75
-------------------------------------------
+--------------------+-----+
|            customer|score|
+--------------------+-----+
|Craig.Gonzalez@te...|-19.5|
+--------------------+-----+

-------------------------------------------
Batch: 76
-------------------------------------------
+--------------------+-----+
|            customer|score|
+--------------------+-----+
|Jane.Gonzalez@tes...|-30.0|
+--------------------+-----+

-------------------------------------------
Batch: 77
-------------------------------------------
+--------------------+-----+
|            customer|score|
+--------------------+-----+
|Christina.Fibonna...|-28.5|
+--------------------+-----+

-------------------------------------------
Batch: 78
-------------------------------------------
+--------------------+-----+
|            customer|score|
+--------------------+-----+
|Larry.Anderson@te...| -5.0|
+--------------------+-----+

-------------------------------------------
Batch: 79
-------------------------------------------
+--------------------+-----+
|            customer|score|
+--------------------+-----+
|Edward.Jones@test...| -3.5|
+--------------------+-----+

-------------------------------------------
Batch: 80
-------------------------------------------
+--------------------+-----+
|            customer|score|
+--------------------+-----+
|Suresh.Smith@test...| -3.5|
+--------------------+-----+

-------------------------------------------
Batch: 81
-------------------------------------------
+--------------------+-----+
|            customer|score|
+--------------------+-----+
|Craig.Khatib@test...| -2.5|
+--------------------+-----+

-------------------------------------------
Batch: 82
-------------------------------------------
+--------------------+-----+
|            customer|score|
+--------------------+-----+
|Ben.Spencer@test.com| -5.0|
+--------------------+-----+

-------------------------------------------
Batch: 83
-------------------------------------------
+--------------------+-----+
|            customer|score|
+--------------------+-----+
|Craig.Clayton@tes...|-13.0|
+--------------------+-----+

-------------------------------------------
Batch: 84
-------------------------------------------
+-----------------+-----+
|         customer|score|
+-----------------+-----+
|Ben.Huey@test.com|-11.5|
+-----------------+-----+

-------------------------------------------
Batch: 85
-------------------------------------------
+--------------------+-----+
|            customer|score|
+--------------------+-----+
|Jane.Anderson@tes...|  6.0|
+--------------------+-----+

-------------------------------------------
Batch: 86
-------------------------------------------
+--------------------+-----+
|            customer|score|
+--------------------+-----+
|Danny.Clark@test.com|  1.5|
+--------------------+-----+

-------------------------------------------
Batch: 87
-------------------------------------------
+--------------------+-----+
|            customer|score|
+--------------------+-----+
|Travis.Jackson@te...| 22.0|
+--------------------+-----+

-------------------------------------------
Batch: 88
-------------------------------------------
+--------------------+-----+
|            customer|score|
+--------------------+-----+
|Travis.Davis@test...|  0.5|
+--------------------+-----+

-------------------------------------------
Batch: 89
-------------------------------------------
+--------------------+-----+
|            customer|score|
+--------------------+-----+
|David.Khatib@test...|  6.5|
+--------------------+-----+

-------------------------------------------
Batch: 90
-------------------------------------------
+------------------+-----+
|          customer|score|
+------------------+-----+
|Dan.Davis@test.com| 13.5|
+------------------+-----+

-------------------------------------------
Batch: 91
-------------------------------------------
+--------------------+-----+
|            customer|score|
+--------------------+-----+
|Christina.Lincoln...| 11.0|
+--------------------+-----+

-------------------------------------------
Batch: 92
-------------------------------------------
+--------------------+-----+
|            customer|score|
+--------------------+-----+
|Larry.Davis@test.com| -6.0|
+--------------------+-----+

-------------------------------------------
Batch: 93
-------------------------------------------
+-------------------+-----+
|           customer|score|
+-------------------+-----+
|Lyn.Harris@test.com|-10.0|
+-------------------+-----+

-------------------------------------------
Batch: 94
-------------------------------------------
+--------------------+-----+
|            customer|score|
+--------------------+-----+
|Craig.Gonzalez@te...|  6.5|
+--------------------+-----+

-------------------------------------------
Batch: 95
-------------------------------------------
+--------------------+-----+
|            customer|score|
+--------------------+-----+
|Jane.Gonzalez@tes...| 11.0|
+--------------------+-----+

-------------------------------------------
Batch: 96
-------------------------------------------
+--------------------+-----+
|            customer|score|
+--------------------+-----+
|Christina.Fibonna...|-33.0|
+--------------------+-----+

-------------------------------------------
Batch: 97
-------------------------------------------
+--------------------+-----+
|            customer|score|
+--------------------+-----+
|Larry.Anderson@te...| -4.0|
+--------------------+-----+

-------------------------------------------
Batch: 98
-------------------------------------------
+--------------------+-----+
|            customer|score|
+--------------------+-----+
|Edward.Jones@test...| -4.0|
+--------------------+-----+

-------------------------------------------
Batch: 99
-------------------------------------------
+--------------------+-----+
|            customer|score|
+--------------------+-----+
|Suresh.Smith@test...| -3.5|
+--------------------+-----+

-------------------------------------------
Batch: 100
-------------------------------------------
+--------------------+-----+
|            customer|score|
+--------------------+-----+
|Craig.Khatib@test...| -1.0|
+--------------------+-----+

-------------------------------------------
Batch: 101
-------------------------------------------
+--------------------+-----+
|            customer|score|
+--------------------+-----+
|Ben.Spencer@test.com| -2.5|
+--------------------+-----+

-------------------------------------------
Batch: 102
-------------------------------------------
+--------------------+-----+
|            customer|score|
+--------------------+-----+
|Craig.Clayton@tes...|-12.5|
+--------------------+-----+

-------------------------------------------
Batch: 103
-------------------------------------------
+-----------------+-----+
|         customer|score|
+-----------------+-----+
|Ben.Huey@test.com|-32.5|
+-----------------+-----+

-------------------------------------------
Batch: 104
-------------------------------------------
+--------------------+-----+
|            customer|score|
+--------------------+-----+
|Jane.Anderson@tes...|-14.5|
+--------------------+-----+

-------------------------------------------
Batch: 105
-------------------------------------------
+--------------------+-----+
|            customer|score|
+--------------------+-----+
|Danny.Clark@test.com|-11.5|
+--------------------+-----+

-------------------------------------------
Batch: 106
-------------------------------------------
+--------------------+-----+
|            customer|score|
+--------------------+-----+
|Travis.Jackson@te...| 21.5|
+--------------------+-----+

-------------------------------------------
Batch: 107
-------------------------------------------
+--------------------+-----+
|            customer|score|
+--------------------+-----+
|Travis.Davis@test...| -6.5|
+--------------------+-----+

-------------------------------------------
Batch: 108
-------------------------------------------
+--------------------+-----+
|            customer|score|
+--------------------+-----+
|David.Khatib@test...|  6.0|
+--------------------+-----+

-------------------------------------------
Batch: 109
-------------------------------------------
+------------------+-----+
|          customer|score|
+------------------+-----+
|Dan.Davis@test.com|-14.0|
+------------------+-----+

-------------------------------------------
Batch: 110
-------------------------------------------
+--------------------+-----+
|            customer|score|
+--------------------+-----+
|Christina.Lincoln...|  9.0|
+--------------------+-----+

-------------------------------------------
Batch: 111
-------------------------------------------
+--------------------+-----+
|            customer|score|
+--------------------+-----+
|Larry.Davis@test.com|  1.5|
+--------------------+-----+

-------------------------------------------
Batch: 112
-------------------------------------------
+-------------------+-----+
|           customer|score|
+-------------------+-----+
|Lyn.Harris@test.com|-17.0|
+-------------------+-----+

-------------------------------------------
Batch: 113
-------------------------------------------
+--------------------+-----+
|            customer|score|
+--------------------+-----+
|Craig.Gonzalez@te...| 20.5|
+--------------------+-----+

-------------------------------------------
Batch: 114
-------------------------------------------
+--------------------+-----+
|            customer|score|
+--------------------+-----+
|Jane.Gonzalez@tes...| 35.5|
+--------------------+-----+

-------------------------------------------
Batch: 115
-------------------------------------------
+--------------------+-----+
|            customer|score|
+--------------------+-----+
|Christina.Fibonna...| 16.5|
+--------------------+-----+

-------------------------------------------
Batch: 116
-------------------------------------------
+--------------------+-----+
|            customer|score|
+--------------------+-----+
|Larry.Anderson@te...| -3.0|
+--------------------+-----+

-------------------------------------------
Batch: 117
-------------------------------------------
+--------------------+-----+
|            customer|score|
+--------------------+-----+
|Edward.Jones@test...| -2.5|
+--------------------+-----+

-------------------------------------------
Batch: 118
-------------------------------------------
+--------------------+-----+
|            customer|score|
+--------------------+-----+
|Suresh.Smith@test...| -3.5|
+--------------------+-----+

-------------------------------------------
Batch: 119
-------------------------------------------
+--------------------+-----+
|            customer|score|
+--------------------+-----+
|Craig.Khatib@test...| -2.0|
+--------------------+-----+

-------------------------------------------
Batch: 120
-------------------------------------------
+--------------------+-----+
|            customer|score|
+--------------------+-----+
|Ben.Spencer@test.com| -1.0|
+--------------------+-----+

-------------------------------------------
Batch: 121
-------------------------------------------
+--------------------+-----+
|            customer|score|
+--------------------+-----+
|Craig.Clayton@tes...|-10.5|
+--------------------+-----+

-------------------------------------------
Batch: 122
-------------------------------------------
+-----------------+-----+
|         customer|score|
+-----------------+-----+
|Ben.Huey@test.com|-21.5|
+-----------------+-----+

-------------------------------------------
Batch: 123
-------------------------------------------
+--------------------+-----+
|            customer|score|
+--------------------+-----+
|Jane.Anderson@tes...|-24.5|
+--------------------+-----+

-------------------------------------------
Batch: 124
-------------------------------------------
+--------------------+-----+
|            customer|score|
+--------------------+-----+
|Danny.Clark@test.com|-24.0|
+--------------------+-----+

-------------------------------------------
Batch: 125
-------------------------------------------
+--------------------+-----+
|            customer|score|
+--------------------+-----+
|Travis.Jackson@te...| -8.5|
+--------------------+-----+

-------------------------------------------
Batch: 126
-------------------------------------------
+--------------------+-----+
|            customer|score|
+--------------------+-----+
|Travis.Davis@test...|-25.0|
+--------------------+-----+

-------------------------------------------
Batch: 127
-------------------------------------------
+--------------------+-----+
|            customer|score|
+--------------------+-----+
|David.Khatib@test...| 13.0|
+--------------------+-----+

-------------------------------------------
Batch: 128
-------------------------------------------
+------------------+-----+
|          customer|score|
+------------------+-----+
|Dan.Davis@test.com| -1.0|
+------------------+-----+

-------------------------------------------
Batch: 129
-------------------------------------------
+--------------------+-----+
|            customer|score|
+--------------------+-----+
|Christina.Lincoln...| -6.5|
+--------------------+-----+

-------------------------------------------
Batch: 130
-------------------------------------------
+--------------------+-----+
|            customer|score|
+--------------------+-----+
|Larry.Davis@test.com| -9.5|
+--------------------+-----+

-------------------------------------------
Batch: 131
-------------------------------------------
+-------------------+-----+
|           customer|score|
+-------------------+-----+
|Lyn.Harris@test.com| 10.0|
+-------------------+-----+

-------------------------------------------
Batch: 132
-------------------------------------------
+--------------------+-----+
|            customer|score|
+--------------------+-----+
|Craig.Gonzalez@te...| -9.5|
+--------------------+-----+

-------------------------------------------
Batch: 133
-------------------------------------------
+--------------------+-----+
|            customer|score|
+--------------------+-----+
|Jane.Gonzalez@tes...| 14.5|
+--------------------+-----+

-------------------------------------------
Batch: 134
-------------------------------------------
+--------------------+-----+
|            customer|score|
+--------------------+-----+
|Christina.Fibonna...| 36.5|
+--------------------+-----+

-------------------------------------------
Batch: 135
-------------------------------------------
+--------------------+-----+
|            customer|score|
+--------------------+-----+
|Larry.Anderson@te...| -3.0|
+--------------------+-----+

-------------------------------------------
Batch: 136
-------------------------------------------
+--------------------+-----+
|            customer|score|
+--------------------+-----+
|Edward.Jones@test...| -1.5|
+--------------------+-----+

-------------------------------------------
Batch: 137
-------------------------------------------
+--------------------+-----+
|            customer|score|
+--------------------+-----+
|Suresh.Smith@test...| -4.5|
+--------------------+-----+

-------------------------------------------
Batch: 138
-------------------------------------------
+--------------------+-----+
|            customer|score|
+--------------------+-----+
|Craig.Khatib@test...| -3.0|
+--------------------+-----+

-------------------------------------------
Batch: 139
-------------------------------------------
+--------------------+-----+
|            customer|score|
+--------------------+-----+
|Ben.Spencer@test.com| -2.0|
+--------------------+-----+

-------------------------------------------
Batch: 140
-------------------------------------------
+--------------------+-----+
|            customer|score|
+--------------------+-----+
|Craig.Clayton@tes...|-22.5|
+--------------------+-----+

-------------------------------------------
Batch: 141
-------------------------------------------
+-----------------+-----+
|         customer|score|
+-----------------+-----+
|Ben.Huey@test.com| -1.5|
+-----------------+-----+

-------------------------------------------
Batch: 142
-------------------------------------------
+--------------------+-----+
|            customer|score|
+--------------------+-----+
|Jane.Anderson@tes...| -3.0|
+--------------------+-----+

-------------------------------------------
Batch: 143
-------------------------------------------
+--------------------+-----+
|            customer|score|
+--------------------+-----+
|Danny.Clark@test.com| -1.0|
+--------------------+-----+

-------------------------------------------
Batch: 144
-------------------------------------------
+--------------------+-----+
|            customer|score|
+--------------------+-----+
|Travis.Jackson@te...|-12.0|
+--------------------+-----+

-------------------------------------------
Batch: 145
-------------------------------------------
+--------------------+-----+
|            customer|score|
+--------------------+-----+
|Travis.Davis@test...|-21.5|
+--------------------+-----+

-------------------------------------------
Batch: 146
-------------------------------------------
+--------------------+-----+
|            customer|score|
+--------------------+-----+
|David.Khatib@test...|  2.0|
+--------------------+-----+

-------------------------------------------
Batch: 147
-------------------------------------------
+------------------+-----+
|          customer|score|
+------------------+-----+
|Dan.Davis@test.com| 13.5|
+------------------+-----+

-------------------------------------------
Batch: 148
-------------------------------------------
+--------------------+-----+
|            customer|score|
+--------------------+-----+
|Christina.Lincoln...| -3.5|
+--------------------+-----+

-------------------------------------------
Batch: 149
-------------------------------------------
+--------------------+-----+
|            customer|score|
+--------------------+-----+
|Larry.Davis@test.com|-16.5|
+--------------------+-----+

-------------------------------------------
Batch: 150
-------------------------------------------
+-------------------+-----+
|           customer|score|
+-------------------+-----+
|Lyn.Harris@test.com| 16.5|
+-------------------+-----+

-------------------------------------------
Batch: 151
-------------------------------------------
+--------------------+-----+
|            customer|score|
+--------------------+-----+
|Craig.Gonzalez@te...|-16.5|
+--------------------+-----+

-------------------------------------------
Batch: 152
-------------------------------------------
+--------------------+-----+
|            customer|score|
+--------------------+-----+
|Jane.Gonzalez@tes...|  1.0|
+--------------------+-----+

-------------------------------------------
Batch: 153
-------------------------------------------
+--------------------+-----+
|            customer|score|
+--------------------+-----+
|Christina.Fibonna...| -6.5|
+--------------------+-----+

-------------------------------------------
Batch: 154
-------------------------------------------
+--------------------+-----+
|            customer|score|
+--------------------+-----+
|Larry.Anderson@te...| -3.0|
+--------------------+-----+

-------------------------------------------
Batch: 155
-------------------------------------------
+--------------------+-----+
|            customer|score|
+--------------------+-----+
|Edward.Jones@test...| -3.0|
+--------------------+-----+

-------------------------------------------
Batch: 156
-------------------------------------------
+--------------------+-----+
|            customer|score|
+--------------------+-----+
|Suresh.Smith@test...| -4.5|
+--------------------+-----+

-------------------------------------------
Batch: 157
-------------------------------------------
+--------------------+-----+
|            customer|score|
+--------------------+-----+
|Craig.Khatib@test...| -2.5|
+--------------------+-----+

-------------------------------------------
Batch: 158
-------------------------------------------
+--------------------+-----+
|            customer|score|
+--------------------+-----+
|Ben.Spencer@test.com| -3.5|
+--------------------+-----+

-------------------------------------------
Batch: 159
-------------------------------------------
+--------------------+-----+
|            customer|score|
+--------------------+-----+
|Craig.Clayton@tes...|  2.0|
+--------------------+-----+

-------------------------------------------
Batch: 160
-------------------------------------------
+-----------------+-----+
|         customer|score|
+-----------------+-----+
|Ben.Huey@test.com|  6.0|
+-----------------+-----+

-------------------------------------------
Batch: 161
-------------------------------------------
+--------------------+-----+
|            customer|score|
+--------------------+-----+
|Jane.Anderson@tes...|  9.5|
+--------------------+-----+

-------------------------------------------
Batch: 162
-------------------------------------------
+--------------------+-----+
|            customer|score|
+--------------------+-----+
|Danny.Clark@test.com| 20.0|
+--------------------+-----+

-------------------------------------------
Batch: 163
-------------------------------------------
+--------------------+-----+
|            customer|score|
+--------------------+-----+
|Travis.Jackson@te...| -5.5|
+--------------------+-----+

-------------------------------------------
Batch: 164
-------------------------------------------
+--------------------+-----+
|            customer|score|
+--------------------+-----+
|Travis.Davis@test...|  0.0|
+--------------------+-----+

-------------------------------------------
Batch: 165
-------------------------------------------
+--------------------+-----+
|            customer|score|
+--------------------+-----+
|David.Khatib@test...|  2.5|
+--------------------+-----+

-------------------------------------------
Batch: 166
-------------------------------------------
+------------------+-----+
|          customer|score|
+------------------+-----+
|Dan.Davis@test.com| 18.5|
+------------------+-----+

-------------------------------------------
Batch: 167
-------------------------------------------
+--------------------+-----+
|            customer|score|
+--------------------+-----+
|Christina.Lincoln...| 14.5|
+--------------------+-----+

-------------------------------------------
Batch: 168
-------------------------------------------
+--------------------+-----+
|            customer|score|
+--------------------+-----+
|Larry.Davis@test.com| -3.5|
+--------------------+-----+

-------------------------------------------
Batch: 169
-------------------------------------------
+-------------------+-----+
|           customer|score|
+-------------------+-----+
|Lyn.Harris@test.com| -3.5|
+-------------------+-----+

-------------------------------------------
Batch: 170
-------------------------------------------
+--------------------+-----+
|            customer|score|
+--------------------+-----+
|Craig.Gonzalez@te...| 12.0|
+--------------------+-----+

-------------------------------------------
Batch: 171
-------------------------------------------
+--------------------+-----+
|            customer|score|
+--------------------+-----+
|Jane.Gonzalez@tes...|-13.0|
+--------------------+-----+

-------------------------------------------
Batch: 172
-------------------------------------------
+--------------------+-----+
|            customer|score|
+--------------------+-----+
|Christina.Fibonna...|-11.5|
+--------------------+-----+

