Spark Command: /usr/lib/jvm/java-8-openjdk-amd64/jre/bin/java -cp /opt/spark-2.3.4-bin-hadoop2.7/conf/:/opt/spark-2.3.4-bin-hadoop2.7/jars/* -Xmx1g org.apache.spark.deploy.master.Master --host 5975e35eafad --port 7077 --webui-port 8080
========================================
2022-02-04 05:59:52 INFO  Master:2612 - Started daemon with process name: 1630@5975e35eafad
2022-02-04 05:59:52 INFO  SignalUtils:54 - Registered signal handler for TERM
2022-02-04 05:59:52 INFO  SignalUtils:54 - Registered signal handler for HUP
2022-02-04 05:59:52 INFO  SignalUtils:54 - Registered signal handler for INT
2022-02-04 05:59:54 WARN  NativeCodeLoader:62 - Unable to load native-hadoop library for your platform... using builtin-java classes where applicable
2022-02-04 05:59:55 INFO  SecurityManager:54 - Changing view acls to: root
2022-02-04 05:59:55 INFO  SecurityManager:54 - Changing modify acls to: root
2022-02-04 05:59:55 INFO  SecurityManager:54 - Changing view acls groups to: 
2022-02-04 05:59:55 INFO  SecurityManager:54 - Changing modify acls groups to: 
2022-02-04 05:59:55 INFO  SecurityManager:54 - SecurityManager: authentication disabled; ui acls disabled; users  with view permissions: Set(root); groups with view permissions: Set(); users  with modify permissions: Set(root); groups with modify permissions: Set()
2022-02-04 05:59:56 INFO  Utils:54 - Successfully started service 'sparkMaster' on port 7077.
2022-02-04 05:59:57 INFO  Master:54 - Starting Spark master at spark://5975e35eafad:7077
2022-02-04 05:59:57 INFO  Master:54 - Running Spark version 2.3.4
2022-02-04 05:59:57 INFO  log:192 - Logging initialized @7275ms
2022-02-04 05:59:57 INFO  Server:351 - jetty-9.3.z-SNAPSHOT, build timestamp: unknown, git hash: unknown
2022-02-04 05:59:57 INFO  Server:419 - Started @7587ms
2022-02-04 05:59:57 INFO  AbstractConnector:278 - Started ServerConnector@5f95d45c{HTTP/1.1,[http/1.1]}{0.0.0.0:8080}
2022-02-04 05:59:57 INFO  Utils:54 - Successfully started service 'MasterUI' on port 8080.
2022-02-04 05:59:57 INFO  ContextHandler:781 - Started o.s.j.s.ServletContextHandler@620d3ea3{/app,null,AVAILABLE,@Spark}
2022-02-04 05:59:57 INFO  ContextHandler:781 - Started o.s.j.s.ServletContextHandler@ceaa20a{/app/json,null,AVAILABLE,@Spark}
2022-02-04 05:59:57 INFO  ContextHandler:781 - Started o.s.j.s.ServletContextHandler@63b6076a{/,null,AVAILABLE,@Spark}
2022-02-04 05:59:58 INFO  ContextHandler:781 - Started o.s.j.s.ServletContextHandler@216edd31{/json,null,AVAILABLE,@Spark}
2022-02-04 05:59:58 INFO  ContextHandler:781 - Started o.s.j.s.ServletContextHandler@78cdc1e4{/static,null,AVAILABLE,@Spark}
2022-02-04 05:59:58 INFO  ContextHandler:781 - Started o.s.j.s.ServletContextHandler@7942e915{/app/kill,null,AVAILABLE,@Spark}
2022-02-04 05:59:58 INFO  ContextHandler:781 - Started o.s.j.s.ServletContextHandler@49edf6b1{/driver/kill,null,AVAILABLE,@Spark}
2022-02-04 05:59:58 INFO  MasterWebUI:54 - Bound MasterWebUI to 0.0.0.0, and started at http://5975e35eafad:8080
2022-02-04 05:59:58 INFO  Server:351 - jetty-9.3.z-SNAPSHOT, build timestamp: unknown, git hash: unknown
2022-02-04 05:59:58 INFO  ContextHandler:781 - Started o.s.j.s.ServletContextHandler@4b42ebc4{/,null,AVAILABLE}
2022-02-04 05:59:58 INFO  AbstractConnector:278 - Started ServerConnector@403fe179{HTTP/1.1,[http/1.1]}{5975e35eafad:6066}
2022-02-04 05:59:58 INFO  Server:419 - Started @8157ms
2022-02-04 05:59:58 INFO  Utils:54 - Successfully started service on port 6066.
2022-02-04 05:59:58 INFO  StandaloneRestServer:54 - Started REST server for submitting applications on port 6066
2022-02-04 05:59:58 INFO  ContextHandler:781 - Started o.s.j.s.ServletContextHandler@3bfe1ca6{/metrics/master/json,null,AVAILABLE,@Spark}
2022-02-04 05:59:58 INFO  ContextHandler:781 - Started o.s.j.s.ServletContextHandler@3a546e4b{/metrics/applications/json,null,AVAILABLE,@Spark}
2022-02-04 05:59:58 INFO  Master:54 - I have been elected leader! New state: ALIVE
